Using pre-set license
Built from '2020.3/staging' branch; Version is '2020.3.32f1 (12f8b0834f07) revision 1243312'; Using compiler version '192528614'; Build Type 'Release'
OS: 'Windows 10  (10.0.19044) 64bit Professional' Language: 'en' Physical Memory: 16343 MB
BatchMode: 1, IsHumanControllingUs: 0, StartBugReporterOnCrash: 0, Is64bit: 1, IsPro: 0

COMMAND LINE ARGUMENTS:
C:\Program Files\Unity\Hub\Editor\2020.3.32f1\Editor\Unity.exe
-adb2
-batchMode
-noUpm
-name
AssetImportWorker0
-projectPath
D:/prog/Way to the World tree/Way-to-the-World-tree/Way to the World tree
-logFile
Logs/AssetImportWorker0.log
-srvPort
52013
Successfully changed project path to: D:/prog/Way to the World tree/Way-to-the-World-tree/Way to the World tree
D:/prog/Way to the World tree/Way-to-the-World-tree/Way to the World tree
Using Asset Import Pipeline V2.
Refreshing native plugins compatible for Editor in 127.23 ms, found 3 plugins.
Preloading 0 native plugins for Editor in 0.00 ms.
Initialize engine version: 2020.3.32f1 (12f8b0834f07)
[Subsystems] Discovering subsystems at path C:/Program Files/Unity/Hub/Editor/2020.3.32f1/Editor/Data/Resources/UnitySubsystems
[Subsystems] Discovering subsystems at path D:/prog/Way to the World tree/Way-to-the-World-tree/Way to the World tree/Assets
GfxDevice: creating device client; threaded=0
Direct3D:
    Version:  Direct3D 11.0 [level 11.1]
    Renderer: NVIDIA GeForce GTX 1070 (ID=0x1b81)
    Vendor:   
    VRAM:     8088 MB
    Driver:   30.0.14.9676
Initialize mono
Mono path[0] = 'C:/Program Files/Unity/Hub/Editor/2020.3.32f1/Editor/Data/Managed'
Mono path[1] = 'C:/Program Files/Unity/Hub/Editor/2020.3.32f1/Editor/Data/MonoBleedingEdge/lib/mono/unityjit'
Mono config path = 'C:/Program Files/Unity/Hub/Editor/2020.3.32f1/Editor/Data/MonoBleedingEdge/etc'
Using monoOptions --debugger-agent=transport=dt_socket,embedding=1,server=y,suspend=n,address=127.0.0.1:56200
Begin MonoManager ReloadAssembly
Registering precompiled unity dll's ...
Register platform support module: C:/Program Files/Unity/Hub/Editor/2020.3.32f1/Editor/Data/PlaybackEngines/WindowsStandaloneSupport/UnityEditor.WindowsStandalone.Extensions.dll
Registered in 0.002094 seconds.
Native extension for WindowsStandalone target not found
Refreshing native plugins compatible for Editor in 108.66 ms, found 3 plugins.
Preloading 0 native plugins for Editor in 0.00 ms.
Mono: successfully reloaded assembly
- Completed reload, in  0.614 seconds
Domain Reload Profiling:
	ReloadAssembly (614ms)
		BeginReloadAssembly (64ms)
			ExecutionOrderSort (0ms)
			DisableScriptedObjects (0ms)
			BackupInstance (0ms)
			ReleaseScriptingObjects (0ms)
			CreateAndSetChildDomain (1ms)
		EndReloadAssembly (484ms)
			LoadAssemblies (62ms)
			RebuildTransferFunctionScriptingTraits (0ms)
			SetupTypeCache (139ms)
			ReleaseScriptCaches (0ms)
			RebuildScriptCaches (28ms)
			SetupLoadedEditorAssemblies (229ms)
				LogAssemblyErrors (0ms)
				InitializePlatformSupportModulesInManaged (4ms)
				SetLoadedEditorAssemblies (0ms)
				RefreshPlugins (109ms)
				BeforeProcessingInitializeOnLoad (14ms)
				ProcessInitializeOnLoadAttributes (75ms)
				ProcessInitializeOnLoadMethodAttributes (26ms)
				AfterProcessingInitializeOnLoad (0ms)
				EditorAssembliesLoaded (0ms)
			ExecutionOrderSort2 (0ms)
			AwakeInstancesAfterBackupRestoration (0ms)
Platform modules already initialized, skipping
Registering precompiled user dll's ...
Registered in 0.004360 seconds.
Begin MonoManager ReloadAssembly
Native extension for WindowsStandalone target not found
Refreshing native plugins compatible for Editor in 111.63 ms, found 3 plugins.
Preloading 0 native plugins for Editor in 0.00 ms.
Mono: successfully reloaded assembly
- Completed reload, in  1.120 seconds
Domain Reload Profiling:
	ReloadAssembly (1121ms)
		BeginReloadAssembly (143ms)
			ExecutionOrderSort (0ms)
			DisableScriptedObjects (4ms)
			BackupInstance (0ms)
			ReleaseScriptingObjects (0ms)
			CreateAndSetChildDomain (18ms)
		EndReloadAssembly (921ms)
			LoadAssemblies (100ms)
			RebuildTransferFunctionScriptingTraits (0ms)
			SetupTypeCache (274ms)
			ReleaseScriptCaches (0ms)
			RebuildScriptCaches (49ms)
			SetupLoadedEditorAssemblies (399ms)
				LogAssemblyErrors (0ms)
				InitializePlatformSupportModulesInManaged (3ms)
				SetLoadedEditorAssemblies (0ms)
				RefreshPlugins (112ms)
				BeforeProcessingInitializeOnLoad (78ms)
				ProcessInitializeOnLoadAttributes (185ms)
				ProcessInitializeOnLoadMethodAttributes (15ms)
				AfterProcessingInitializeOnLoad (6ms)
				EditorAssembliesLoaded (0ms)
			ExecutionOrderSort2 (0ms)
			AwakeInstancesAfterBackupRestoration (6ms)
Platform modules already initialized, skipping
========================================================================
Worker process is ready to serve import requests
Launched and connected shader compiler UnityShaderCompiler.exe after 0.07 seconds
Refreshing native plugins compatible for Editor in 1.42 ms, found 3 plugins.
Preloading 0 native plugins for Editor in 0.00 ms.
Unloading 2375 Unused Serialized files (Serialized files now loaded: 0)
System memory in use before: 131.2 MB.
System memory in use after: 131.2 MB.

Unloading 31 unused Assets to reduce memory usage. Loaded Objects now: 2829.
Total: 3.082900 ms (FindLiveObjects: 0.196200 ms CreateObjectMapping: 0.107100 ms MarkObjects: 2.638900 ms  DeleteObjects: 0.139500 ms)

AssetImportParameters requested are different than current active one (requested -> active):
  custom:framework-win-MediaFoundation: 216162199b28c13a410421893ffa2e32 -> 
  custom:video-decoder-ogg-theora: a1e56fd34408186e4bbccfd4996cb3dc -> 
  custom:container-muxer-webm: aa71ff27fc2769a1b78a27578f13a17b -> 
  custom:container-demuxer-webm: 4f35f7cbe854078d1ac9338744f61a02 -> 
  custom:container-demuxer-ogg: 62fdf1f143b41e24485cea50d1cbac27 -> 
  custom:video-encoder-webm-vp8: eb34c28f22e8b96e1ab97ce403110664 -> 
  custom:video-decoder-webm-vp8: 9c59270c3fd7afecdb556c50c9e8de78 -> 
  custom:audio-decoder-ogg-vorbis: bf7c407c2cedff20999df2af8eb42d56 -> 
  custom:audio-encoder-webm-vorbis: bf7c407c2cedff20999df2af8eb42d56 -> 
========================================================================
Received Import Request.
  path: Assets/Pixel Fantasy Caves/background4b.png
  artifactKey: Guid(f2c63cd02a5021e4aa78859519eef703) Importer(815301076,1909f56bfc062723c751e8b465ee728b)
Start importing Assets/Pixel Fantasy Caves/background4b.png using Guid(f2c63cd02a5021e4aa78859519eef703) Importer(815301076,1909f56bfc062723c751e8b465ee728b)  -> (artifact id: '5fb85434353561c7888af9a7ee65840c') in 0.131830 seconds 
========================================================================
Received Import Request.
  Time since last request: 0.000365 seconds.
  path: Assets/Pictures/EndingBG.jpg
  artifactKey: Guid(15789b6611e03434089b24eac546928f) Importer(815301076,1909f56bfc062723c751e8b465ee728b)
Start importing Assets/Pictures/EndingBG.jpg using Guid(15789b6611e03434089b24eac546928f) Importer(815301076,1909f56bfc062723c751e8b465ee728b)  -> (artifact id: 'e36ea1f2cba46a2f3d7898c99c1b7f65') in 0.022084 seconds 
========================================================================
Received Import Request.
  Time since last request: 0.000319 seconds.
  path: Assets/Dark_Forest/Sprites/env_mon.png
  artifactKey: Guid(6a23b508abd49df48b72ee49cd47bf8a) Importer(815301076,1909f56bfc062723c751e8b465ee728b)
Start importing Assets/Dark_Forest/Sprites/env_mon.png using Guid(6a23b508abd49df48b72ee49cd47bf8a) Importer(815301076,1909f56bfc062723c751e8b465ee728b)  -> (artifact id: '28256dfbab5b0a8cc03f5f23107a4e4f') in 0.016003 seconds 
========================================================================
Received Import Request.
  Time since last request: 0.000231 seconds.
  path: Assets/PF SET1/decorative_obj.png
  artifactKey: Guid(d23e82e29bfdabf4f9b01dc69e6901b5) Importer(815301076,1909f56bfc062723c751e8b465ee728b)
Start importing Assets/PF SET1/decorative_obj.png using Guid(d23e82e29bfdabf4f9b01dc69e6901b5) Importer(815301076,1909f56bfc062723c751e8b465ee728b)  -> (artifact id: 'f0a530f35c9eb7c4f3cde4995cbababf') in 0.015340 seconds 
========================================================================
Received Import Request.
  Time since last request: 0.000315 seconds.
  path: Assets/PF SET1/Sliced/background_obj.png
  artifactKey: Guid(46019633fe4c3774b8dcb514cddf7796) Importer(815301076,1909f56bfc062723c751e8b465ee728b)
Start importing Assets/PF SET1/Sliced/background_obj.png using Guid(46019633fe4c3774b8dcb514cddf7796) Importer(815301076,1909f56bfc062723c751e8b465ee728b)  -> (artifact id: '761311f39f2605357494197158a43255') in 4.469923 seconds 
========================================================================
Received Import Request.
  Time since last request: 0.000265 seconds.
  path: Assets/Pixel Fantasy Caves/background2.png
  artifactKey: Guid(ab399925d444e6945b12d20b9f3f62f0) Importer(815301076,1909f56bfc062723c751e8b465ee728b)
Start importing Assets/Pixel Fantasy Caves/background2.png using Guid(ab399925d444e6945b12d20b9f3f62f0) Importer(815301076,1909f56bfc062723c751e8b465ee728b)  -> (artifact id: '18ff5367545a96b394e1b3aa2611096a') in 0.013337 seconds 
========================================================================
Received Import Request.
  Time since last request: 0.000260 seconds.
  path: Assets/TextMesh Pro/Sprites/EmojiOne.png
  artifactKey: Guid(dffef66376be4fa480fb02b19edbe903) Importer(815301076,1909f56bfc062723c751e8b465ee728b)
Start importing Assets/TextMesh Pro/Sprites/EmojiOne.png using Guid(dffef66376be4fa480fb02b19edbe903) Importer(815301076,1909f56bfc062723c751e8b465ee728b)  -> (artifact id: 'd78a27303d38c5bc73b55289faa0930d') in 0.010232 seconds 
========================================================================
Received Import Request.
  Time since last request: 0.000279 seconds.
  path: Assets/Dark_Forest/Sprites/env_ground.png
  artifactKey: Guid(532d89cce32ef33469a10c43c44556ea) Importer(815301076,1909f56bfc062723c751e8b465ee728b)
Start importing Assets/Dark_Forest/Sprites/env_ground.png using Guid(532d89cce32ef33469a10c43c44556ea) Importer(815301076,1909f56bfc062723c751e8b465ee728b)  -> (artifact id: '7f4b922b8af78a700b8578367606add1') in 0.015611 seconds 
========================================================================
Received Import Request.
  Time since last request: 0.000301 seconds.
  path: Assets/Pixel Fantasy Caves/background3.png
  artifactKey: Guid(d9caa294ebb856845a4e0af508e49dd3) Importer(815301076,1909f56bfc062723c751e8b465ee728b)
Start importing Assets/Pixel Fantasy Caves/background3.png using Guid(d9caa294ebb856845a4e0af508e49dd3) Importer(815301076,1909f56bfc062723c751e8b465ee728b)  -> (artifact id: 'eaf5d2474086bba2d795849d9dd93111') in 0.012815 seconds 
========================================================================
Received Import Request.
  Time since last request: 0.000236 seconds.
  path: Assets/Pixel Fantasy Caves/background4a.png
  artifactKey: Guid(335e30b416040a24b88a1c16eda337f7) Importer(815301076,1909f56bfc062723c751e8b465ee728b)
Start importing Assets/Pixel Fantasy Caves/background4a.png using Guid(335e30b416040a24b88a1c16eda337f7) Importer(815301076,1909f56bfc062723c751e8b465ee728b)  -> (artifact id: '49f81da00943513eb64abe993b4d9400') in 0.013628 seconds 
========================================================================
Received Import Request.
  Time since last request: 0.000327 seconds.
  path: Assets/Dark_Forest/Sprites/decorative_obj.png
  artifactKey: Guid(120d8d95c9fd212499279a73119505aa) Importer(815301076,1909f56bfc062723c751e8b465ee728b)
Start importing Assets/Dark_Forest/Sprites/decorative_obj.png using Guid(120d8d95c9fd212499279a73119505aa) Importer(815301076,1909f56bfc062723c751e8b465ee728b)  -> (artifact id: '1090ef03c984beb3568f442d4f5aba13') in 0.014994 seconds 
========================================================================
Received Import Request.
  Time since last request: 17.593912 seconds.
  path: Assets/Dark_Forest/Sprites/env_rock.png
  artifactKey: Guid(93c7f893ffffbec45b617e1c3e375f94) Importer(815301076,1909f56bfc062723c751e8b465ee728b)
Start importing Assets/Dark_Forest/Sprites/env_rock.png using Guid(93c7f893ffffbec45b617e1c3e375f94) Importer(815301076,1909f56bfc062723c751e8b465ee728b)  -> (artifact id: '0206e06a180d04571f9d1b92efb52189') in 0.021317 seconds 
========================================================================
Received Import Request.
  Time since last request: 0.000409 seconds.
  path: Assets/Dark_Forest/Sprites/env_trees.png
  artifactKey: Guid(c70abfca77f36714b92b411ffbced25c) Importer(815301076,1909f56bfc062723c751e8b465ee728b)
Start importing Assets/Dark_Forest/Sprites/env_trees.png using Guid(c70abfca77f36714b92b411ffbced25c) Importer(815301076,1909f56bfc062723c751e8b465ee728b)  -> (artifact id: 'dab69c3a3216210f948f43504a37c5a2') in 0.015504 seconds 
========================================================================
Received Import Request.
  Time since last request: 0.384922 seconds.
  path: Assets/Pictures/Icon.png
  artifactKey: Guid(c53c08d8bfad3c34d8c2803ccd2dc257) Importer(815301076,1909f56bfc062723c751e8b465ee728b)
Start importing Assets/Pictures/Icon.png using Guid(c53c08d8bfad3c34d8c2803ccd2dc257) Importer(815301076,1909f56bfc062723c751e8b465ee728b)  -> (artifact id: 'd6e6cbf6ad2ba3955c4a49eac5fea042') in 0.015739 seconds 
========================================================================
Received Import Request.
  Time since last request: 1.347624 seconds.
  path: Assets/Dark_Forest/Sprites/main_background.png
  artifactKey: Guid(18d1ddd5985afab43a3a8300d1a01faf) Importer(815301076,1909f56bfc062723c751e8b465ee728b)
Start importing Assets/Dark_Forest/Sprites/main_background.png using Guid(18d1ddd5985afab43a3a8300d1a01faf) Importer(815301076,1909f56bfc062723c751e8b465ee728b)  -> (artifact id: 'bb36232b5f04439ad60a1a459c9e5b22') in 0.019394 seconds 
========================================================================
Received Import Request.
  Time since last request: 0.000412 seconds.
  path: Assets/Pixel Fantasy Caves/mainlev_build.png
  artifactKey: Guid(a2148cb95fda2a246b72a3834f9dc4a3) Importer(815301076,1909f56bfc062723c751e8b465ee728b)
Start importing Assets/Pixel Fantasy Caves/mainlev_build.png using Guid(a2148cb95fda2a246b72a3834f9dc4a3) Importer(815301076,1909f56bfc062723c751e8b465ee728b)  -> (artifact id: '8d8f0288736fad3c6fd2d66f2a494062') in 0.019176 seconds 
========================================================================
Received Import Request.
  Time since last request: 1.275494 seconds.
  path: Assets/PF SET1/mainlevbuild.png
  artifactKey: Guid(bbf1993bf4e31194f9d5ee94ecea8677) Importer(815301076,1909f56bfc062723c751e8b465ee728b)
Start importing Assets/PF SET1/mainlevbuild.png using Guid(bbf1993bf4e31194f9d5ee94ecea8677) Importer(815301076,1909f56bfc062723c751e8b465ee728b)  -> (artifact id: 'af1fafe147b2ade620c38075571337a9') in 0.019580 seconds 
========================================================================
Received Import Request.
  Time since last request: 0.000311 seconds.
  path: Assets/Pictures/Quit.png
  artifactKey: Guid(4e3dc5f6e07840344b94d647ed7f459e) Importer(815301076,1909f56bfc062723c751e8b465ee728b)
Start importing Assets/Pictures/Quit.png using Guid(4e3dc5f6e07840344b94d647ed7f459e) Importer(815301076,1909f56bfc062723c751e8b465ee728b)  -> (artifact id: '43ca743171c242b584b372c45094712c') in 0.015780 seconds 
========================================================================
Received Import Request.
  Time since last request: 0.133455 seconds.
  path: Assets/Pictures/StartGame.png
  artifactKey: Guid(7a4f01e1d27543c4483c5b57286a1596) Importer(815301076,1909f56bfc062723c751e8b465ee728b)
Start importing Assets/Pictures/StartGame.png using Guid(7a4f01e1d27543c4483c5b57286a1596) Importer(815301076,1909f56bfc062723c751e8b465ee728b)  -> (artifact id: '2c7ac1324217647d733d8aaab6d743f8') in 0.020613 seconds 
========================================================================
Received Import Request.
  Time since last request: 0.389758 seconds.
  path: Assets/Pictures/TitleFinal.png
  artifactKey: Guid(fb7b660ab7ce70041bc9c82e40857049) Importer(815301076,1909f56bfc062723c751e8b465ee728b)
Start importing Assets/Pictures/TitleFinal.png using Guid(fb7b660ab7ce70041bc9c82e40857049) Importer(815301076,1909f56bfc062723c751e8b465ee728b)  -> (artifact id: 'a1c51c154025d26f82688a6ec86cace0') in 0.024765 seconds 
========================================================================
Received Import Request.
  Time since last request: 0.000411 seconds.
  path: Assets/Dark_Forest/Sprites/wood_env.png
  artifactKey: Guid(90798b7f4ae8bea479a1995c488bb177) Importer(815301076,1909f56bfc062723c751e8b465ee728b)
Start importing Assets/Dark_Forest/Sprites/wood_env.png using Guid(90798b7f4ae8bea479a1995c488bb177) Importer(815301076,1909f56bfc062723c751e8b465ee728b)  -> (artifact id: '3abf03f0cfb625705d41097e54d9958a') in 0.018134 seconds 
========================================================================
Received Import Request.
  Time since last request: 0.000281 seconds.
  path: Assets/Pictures/UseCode.png
  artifactKey: Guid(cd6c79801dc17ac4583f8c8be0e7cf47) Importer(815301076,1909f56bfc062723c751e8b465ee728b)
Start importing Assets/Pictures/UseCode.png using Guid(cd6c79801dc17ac4583f8c8be0e7cf47) Importer(815301076,1909f56bfc062723c751e8b465ee728b)  -> (artifact id: 'ebb8a886c1f7a0367c26c4e0b0da5eb8') in 0.015793 seconds 
========================================================================
Received Import Request.
  Time since last request: 0.000257 seconds.
  path: Assets/Dark_Forest/Sprites/top_far_bgrnd.png
  artifactKey: Guid(550e91c594125c5409bd8646924ced15) Importer(815301076,1909f56bfc062723c751e8b465ee728b)
Start importing Assets/Dark_Forest/Sprites/top_far_bgrnd.png using Guid(550e91c594125c5409bd8646924ced15) Importer(815301076,1909f56bfc062723c751e8b465ee728b)  -> (artifact id: 'dc22222c10db0019f79bc3cb88d6747c') in 0.016737 seconds 
========================================================================
Received Import Request.
  Time since last request: 561.181864 seconds.
  path: Assets/Pictures/Cursor.png
  artifactKey: Guid(f7ced1beae1450e439ddd0e52d158887) Importer(815301076,1909f56bfc062723c751e8b465ee728b)
Start importing Assets/Pictures/Cursor.png using Guid(f7ced1beae1450e439ddd0e52d158887) Importer(815301076,1909f56bfc062723c751e8b465ee728b)  -> (artifact id: 'a7211af3298a979815ef5056662c39d6') in 0.015451 seconds 
========================================================================
Received Import Request.
  Time since last request: 4.639551 seconds.
  path: Assets/Pictures/Cursor.png
  artifactKey: Guid(f7ced1beae1450e439ddd0e52d158887) Importer(815301076,1909f56bfc062723c751e8b465ee728b)
Start importing Assets/Pictures/Cursor.png using Guid(f7ced1beae1450e439ddd0e52d158887) Importer(815301076,1909f56bfc062723c751e8b465ee728b)  -> (artifact id: '86a7cd89c162bd1a6f9dc2e64b0cba8e') in 0.011797 seconds 
========================================================================
Received Import Request.
  Time since last request: 5.588167 seconds.
  path: Assets/Pictures/Icon.png
  artifactKey: Guid(c53c08d8bfad3c34d8c2803ccd2dc257) Importer(815301076,1909f56bfc062723c751e8b465ee728b)
Start importing Assets/Pictures/Icon.png using Guid(c53c08d8bfad3c34d8c2803ccd2dc257) Importer(815301076,1909f56bfc062723c751e8b465ee728b)  -> (artifact id: '2b0575227d16d7e30abbe66002935e73') in 0.015099 seconds 
========================================================================
Received Import Request.
  Time since last request: 90.583704 seconds.
  path: Assets/Pictures/Cursor.png
  artifactKey: Guid(f7ced1beae1450e439ddd0e52d158887) Importer(815301076,1909f56bfc062723c751e8b465ee728b)
Start importing Assets/Pictures/Cursor.png using Guid(f7ced1beae1450e439ddd0e52d158887) Importer(815301076,1909f56bfc062723c751e8b465ee728b)  -> (artifact id: '2f778e3f61a9b9cd7e3b371ae0c1710b') in 0.009551 seconds 
========================================================================
Received Prepare
Registering precompiled user dll's ...
Registered in 0.003933 seconds.
Begin MonoManager ReloadAssembly
Native extension for WindowsStandalone target not found
Refreshing native plugins compatible for Editor in 1.32 ms, found 3 plugins.
Preloading 0 native plugins for Editor in 0.00 ms.
Mono: successfully reloaded assembly
- Completed reload, in  0.998 seconds
Domain Reload Profiling:
	ReloadAssembly (998ms)
		BeginReloadAssembly (113ms)
			ExecutionOrderSort (0ms)
			DisableScriptedObjects (6ms)
			BackupInstance (0ms)
			ReleaseScriptingObjects (0ms)
			CreateAndSetChildDomain (34ms)
		EndReloadAssembly (831ms)
			LoadAssemblies (104ms)
			RebuildTransferFunctionScriptingTraits (0ms)
			SetupTypeCache (297ms)
			ReleaseScriptCaches (1ms)
			RebuildScriptCaches (42ms)
			SetupLoadedEditorAssemblies (292ms)
				LogAssemblyErrors (0ms)
				InitializePlatformSupportModulesInManaged (5ms)
				SetLoadedEditorAssemblies (0ms)
				RefreshPlugins (1ms)
				BeforeProcessingInitializeOnLoad (80ms)
				ProcessInitializeOnLoadAttributes (180ms)
				ProcessInitializeOnLoadMethodAttributes (15ms)
				AfterProcessingInitializeOnLoad (11ms)
				EditorAssembliesLoaded (0ms)
			ExecutionOrderSort2 (0ms)
			AwakeInstancesAfterBackupRestoration (8ms)
Platform modules already initialized, skipping
Refreshing native plugins compatible for Editor in 2.11 ms, found 3 plugins.
Preloading 0 native plugins for Editor in 0.00 ms.
Unloading 2355 Unused Serialized files (Serialized files now loaded: 0)
System memory in use before: 134.5 MB.
System memory in use after: 134.6 MB.

Unloading 21 unused Assets to reduce memory usage. Loaded Objects now: 2857.
Total: 3.008800 ms (FindLiveObjects: 0.202300 ms CreateObjectMapping: 0.104900 ms MarkObjects: 2.561100 ms  DeleteObjects: 0.139600 ms)

AssetImportParameters requested are different than current active one (requested -> active):
  custom:framework-win-MediaFoundation: 216162199b28c13a410421893ffa2e32 -> 
  custom:video-decoder-ogg-theora: a1e56fd34408186e4bbccfd4996cb3dc -> 
  custom:container-muxer-webm: aa71ff27fc2769a1b78a27578f13a17b -> 
  custom:container-demuxer-webm: 4f35f7cbe854078d1ac9338744f61a02 -> 
  custom:container-demuxer-ogg: 62fdf1f143b41e24485cea50d1cbac27 -> 
  custom:video-encoder-webm-vp8: eb34c28f22e8b96e1ab97ce403110664 -> 
  custom:video-decoder-webm-vp8: 9c59270c3fd7afecdb556c50c9e8de78 -> 
  custom:audio-decoder-ogg-vorbis: bf7c407c2cedff20999df2af8eb42d56 -> 
  custom:audio-encoder-webm-vorbis: bf7c407c2cedff20999df2af8eb42d56 -> 
========================================================================
Received Prepare
Registering precompiled user dll's ...
Registered in 0.004003 seconds.
Begin MonoManager ReloadAssembly
Native extension for WindowsStandalone target not found
Refreshing native plugins compatible for Editor in 1.28 ms, found 3 plugins.
Preloading 0 native plugins for Editor in 0.00 ms.
Mono: successfully reloaded assembly
- Completed reload, in  0.939 seconds
Domain Reload Profiling:
	ReloadAssembly (939ms)
		BeginReloadAssembly (115ms)
			ExecutionOrderSort (0ms)
			DisableScriptedObjects (5ms)
			BackupInstance (0ms)
			ReleaseScriptingObjects (0ms)
			CreateAndSetChildDomain (36ms)
		EndReloadAssembly (767ms)
			LoadAssemblies (101ms)
			RebuildTransferFunctionScriptingTraits (0ms)
			SetupTypeCache (263ms)
			ReleaseScriptCaches (1ms)
			RebuildScriptCaches (41ms)
			SetupLoadedEditorAssemblies (281ms)
				LogAssemblyErrors (0ms)
				InitializePlatformSupportModulesInManaged (4ms)
				SetLoadedEditorAssemblies (0ms)
				RefreshPlugins (1ms)
				BeforeProcessingInitializeOnLoad (77ms)
				ProcessInitializeOnLoadAttributes (181ms)
				ProcessInitializeOnLoadMethodAttributes (10ms)
				AfterProcessingInitializeOnLoad (8ms)
				EditorAssembliesLoaded (0ms)
			ExecutionOrderSort2 (0ms)
			AwakeInstancesAfterBackupRestoration (8ms)
Platform modules already initialized, skipping
Refreshing native plugins compatible for Editor in 1.36 ms, found 3 plugins.
Preloading 0 native plugins for Editor in 0.00 ms.
Unloading 2355 Unused Serialized files (Serialized files now loaded: 0)
System memory in use before: 134.6 MB.
System memory in use after: 134.6 MB.

Unloading 21 unused Assets to reduce memory usage. Loaded Objects now: 2860.
Total: 3.195700 ms (FindLiveObjects: 0.192600 ms CreateObjectMapping: 0.118300 ms MarkObjects: 2.750000 ms  DeleteObjects: 0.133900 ms)

AssetImportParameters requested are different than current active one (requested -> active):
  custom:framework-win-MediaFoundation: 216162199b28c13a410421893ffa2e32 -> 
  custom:video-decoder-ogg-theora: a1e56fd34408186e4bbccfd4996cb3dc -> 
  custom:container-muxer-webm: aa71ff27fc2769a1b78a27578f13a17b -> 
  custom:container-demuxer-webm: 4f35f7cbe854078d1ac9338744f61a02 -> 
  custom:container-demuxer-ogg: 62fdf1f143b41e24485cea50d1cbac27 -> 
  custom:video-encoder-webm-vp8: eb34c28f22e8b96e1ab97ce403110664 -> 
  custom:video-decoder-webm-vp8: 9c59270c3fd7afecdb556c50c9e8de78 -> 
  custom:audio-decoder-ogg-vorbis: bf7c407c2cedff20999df2af8eb42d56 -> 
  custom:audio-encoder-webm-vorbis: bf7c407c2cedff20999df2af8eb42d56 -> 
========================================================================
Received Import Request.
  Time since last request: 135.073457 seconds.
  path: Assets/Scripts/Player_Health.cs
  artifactKey: Guid(36d66094ae4071641af98993392d1f7f) Importer(815301076,1909f56bfc062723c751e8b465ee728b)
Start importing Assets/Scripts/Player_Health.cs using Guid(36d66094ae4071641af98993392d1f7f) Importer(815301076,1909f56bfc062723c751e8b465ee728b)  -> (artifact id: '487432f224c3116e6cab6989997a8b65') in 0.097570 seconds 
========================================================================
Received Import Request.
  Time since last request: 29.690965 seconds.
  path: Assets/Scripts/Player_Health.cs
  artifactKey: Guid(36d66094ae4071641af98993392d1f7f) Importer(815301076,1909f56bfc062723c751e8b465ee728b)
Start importing Assets/Scripts/Player_Health.cs using Guid(36d66094ae4071641af98993392d1f7f) Importer(815301076,1909f56bfc062723c751e8b465ee728b)  -> (artifact id: 'c35d29c8824ea0618c92f5ef086b995d') in 0.009441 seconds 
========================================================================
Received Prepare
Registering precompiled user dll's ...
Registered in 0.003864 seconds.
Begin MonoManager ReloadAssembly
Native extension for WindowsStandalone target not found
Refreshing native plugins compatible for Editor in 1.27 ms, found 3 plugins.
Preloading 0 native plugins for Editor in 0.00 ms.
Mono: successfully reloaded assembly
- Completed reload, in  0.945 seconds
Domain Reload Profiling:
	ReloadAssembly (945ms)
		BeginReloadAssembly (110ms)
			ExecutionOrderSort (0ms)
			DisableScriptedObjects (7ms)
			BackupInstance (0ms)
			ReleaseScriptingObjects (0ms)
			CreateAndSetChildDomain (31ms)
		EndReloadAssembly (781ms)
			LoadAssemblies (99ms)
			RebuildTransferFunctionScriptingTraits (0ms)
			SetupTypeCache (279ms)
			ReleaseScriptCaches (1ms)
			RebuildScriptCaches (45ms)
			SetupLoadedEditorAssemblies (277ms)
				LogAssemblyErrors (0ms)
				InitializePlatformSupportModulesInManaged (4ms)
				SetLoadedEditorAssemblies (0ms)
				RefreshPlugins (1ms)
				BeforeProcessingInitializeOnLoad (75ms)
				ProcessInitializeOnLoadAttributes (178ms)
				ProcessInitializeOnLoadMethodAttributes (10ms)
				AfterProcessingInitializeOnLoad (7ms)
				EditorAssembliesLoaded (0ms)
			ExecutionOrderSort2 (0ms)
			AwakeInstancesAfterBackupRestoration (8ms)
Platform modules already initialized, skipping
Refreshing native plugins compatible for Editor in 1.35 ms, found 3 plugins.
Preloading 0 native plugins for Editor in 0.00 ms.
Unloading 2355 Unused Serialized files (Serialized files now loaded: 0)
System memory in use before: 134.6 MB.
System memory in use after: 134.7 MB.

Unloading 21 unused Assets to reduce memory usage. Loaded Objects now: 2863.
Total: 3.407800 ms (FindLiveObjects: 0.234200 ms CreateObjectMapping: 0.214100 ms MarkObjects: 2.820000 ms  DeleteObjects: 0.138500 ms)

AssetImportParameters requested are different than current active one (requested -> active):
  custom:framework-win-MediaFoundation: 216162199b28c13a410421893ffa2e32 -> 
  custom:video-decoder-ogg-theora: a1e56fd34408186e4bbccfd4996cb3dc -> 
  custom:container-muxer-webm: aa71ff27fc2769a1b78a27578f13a17b -> 
  custom:container-demuxer-webm: 4f35f7cbe854078d1ac9338744f61a02 -> 
  custom:container-demuxer-ogg: 62fdf1f143b41e24485cea50d1cbac27 -> 
  custom:video-encoder-webm-vp8: eb34c28f22e8b96e1ab97ce403110664 -> 
  custom:video-decoder-webm-vp8: 9c59270c3fd7afecdb556c50c9e8de78 -> 
  custom:audio-decoder-ogg-vorbis: bf7c407c2cedff20999df2af8eb42d56 -> 
  custom:audio-encoder-webm-vorbis: bf7c407c2cedff20999df2af8eb42d56 -> 
========================================================================
Received Prepare
Refreshing native plugins compatible for Editor in 4.31 ms, found 3 plugins.
Preloading 0 native plugins for Editor in 0.00 ms.
Unloading 18 Unused Serialized files (Serialized files now loaded: 0)
System memory in use before: 88.1 MB.
System memory in use after: 88.2 MB.

Unloading 18 unused Assets to reduce memory usage. Loaded Objects now: 2863.
Total: 3.164000 ms (FindLiveObjects: 0.183200 ms CreateObjectMapping: 0.117100 ms MarkObjects: 2.733000 ms  DeleteObjects: 0.130000 ms)

AssetImportParameters requested are different than current active one (requested -> active):
  custom:framework-win-MediaFoundation: 216162199b28c13a410421893ffa2e32 -> 
  custom:video-decoder-ogg-theora: a1e56fd34408186e4bbccfd4996cb3dc -> 
  custom:container-muxer-webm: aa71ff27fc2769a1b78a27578f13a17b -> 
  custom:container-demuxer-webm: 4f35f7cbe854078d1ac9338744f61a02 -> 
  custom:container-demuxer-ogg: 62fdf1f143b41e24485cea50d1cbac27 -> 
  custom:video-encoder-webm-vp8: eb34c28f22e8b96e1ab97ce403110664 -> 
  custom:video-decoder-webm-vp8: 9c59270c3fd7afecdb556c50c9e8de78 -> 
  custom:audio-decoder-ogg-vorbis: bf7c407c2cedff20999df2af8eb42d56 -> 
  custom:audio-encoder-webm-vorbis: bf7c407c2cedff20999df2af8eb42d56 -> 
AssetImportWorkerClient::OnTransportError - code=2 error=End of file
